Flow report for Z80_FPGA
Tue Aug  1 22:52:26 2023
Quartus Prime Version 21.1.0 Build 842 10/21/2021 SJ Lite Edition


---------------------
; Table of Contents ;
---------------------
  1. Legal Notice
  2. Flow Summary
  3. Flow Settings
  4. Flow Non-Default Global Settings
  5. Flow Elapsed Time
  6. Flow OS Summary
  7. Flow Log
  8. Flow Messages
  9. Flow Suppressed Messages



----------------
; Legal Notice ;
----------------
Copyright (C) 2021  Intel Corporation. All rights reserved.
Your use of Intel Corporation's design tools, logic functions 
and other software and tools, and any partner logic 
functions, and any output files from any of the foregoing 
(including device programming or simulation files), and any 
associated documentation or information are expressly subject 
to the terms and conditions of the Intel Program License 
Subscription Agreement, the Intel Quartus Prime License Agreement,
the Intel FPGA IP License Agreement, or other applicable license
agreement, including, without limitation, that your use is for
the sole purpose of programming logic devices manufactured by
Intel and sold by Intel or its authorized distributors.  Please
refer to the applicable agreement for further details, at
https://fpgasoftware.intel.com/eula.



+----------------------------------------------------------------------------------+
; Flow Summary                                                                     ;
+------------------------------------+---------------------------------------------+
; Flow Status                        ; Successful - Tue Aug  1 22:52:18 2023       ;
; Quartus Prime Version              ; 21.1.0 Build 842 10/21/2021 SJ Lite Edition ;
; Revision Name                      ; Z80_FPGA                                    ;
; Top-level Entity Name              ; Z80_FPGA                                    ;
; Family                             ; Cyclone IV E                                ;
; Device                             ; EP4CE10F17A7                                ;
; Timing Models                      ; Final                                       ;
; Total logic elements               ; 4,223 / 10,320 ( 41 % )                     ;
;     Total combinational functions  ; 4,124 / 10,320 ( 40 % )                     ;
;     Dedicated logic registers      ; 814 / 10,320 ( 8 % )                        ;
; Total registers                    ; 814                                         ;
; Total pins                         ; 157 / 180 ( 87 % )                          ;
; Total virtual pins                 ; 0                                           ;
; Total memory bits                  ; 196,608 / 423,936 ( 46 % )                  ;
; Embedded Multiplier 9-bit elements ; 0 / 46 ( 0 % )                              ;
; Total PLLs                         ; 1 / 2 ( 50 % )                              ;
+------------------------------------+---------------------------------------------+


+-----------------------------------------+
; Flow Settings                           ;
+-------------------+---------------------+
; Option            ; Setting             ;
+-------------------+---------------------+
; Start date & time ; 08/01/2023 22:51:03 ;
; Main task         ; Compilation         ;
; Revision Name     ; Z80_FPGA            ;
+-------------------+---------------------+


+-------------------------------------------------------------------------------------------------------------------------+
; Flow Non-Default Global Settings                                                                                        ;
+-------------------------------------+----------------------------------------+---------------+-------------+------------+
; Assignment Name                     ; Value                                  ; Default Value ; Entity Name ; Section Id ;
+-------------------------------------+----------------------------------------+---------------+-------------+------------+
; COMPILER_SIGNATURE_ID               ; 91755205222.169094466301796            ; --            ; --          ; --         ;
; MAX_CORE_JUNCTION_TEMP              ; 125                                    ; --            ; --          ; --         ;
; MIN_CORE_JUNCTION_TEMP              ; -40                                    ; --            ; --          ; --         ;
; MISC_FILE                           ; FPGA_ROM.bsf                           ; --            ; --          ; --         ;
; MISC_FILE                           ; FPGA_ROM_bb.v                          ; --            ; --          ; --         ;
; MISC_FILE                           ; FPGAROM_8K.bsf                         ; --            ; --          ; --         ;
; MISC_FILE                           ; FPGAROM_8K_inst.v                      ; --            ; --          ; --         ;
; MISC_FILE                           ; FPGAROM_8K_bb.v                        ; --            ; --          ; --         ;
; MISC_FILE                           ; FPGAROM_8K.inc                         ; --            ; --          ; --         ;
; MISC_FILE                           ; FPGAROM_8K.cmp                         ; --            ; --          ; --         ;
; MISC_FILE                           ; FPGA_ROM_16K.bsf                       ; --            ; --          ; --         ;
; MISC_FILE                           ; FPGA_ROM_16K_bb.v                      ; --            ; --          ; --         ;
; OUTPUT_IO_TIMING_FAR_END_VMEAS      ; Half Signal Swing                      ; --            ; --          ; --         ;
; OUTPUT_IO_TIMING_FAR_END_VMEAS      ; Half Signal Swing                      ; --            ; --          ; --         ;
; OUTPUT_IO_TIMING_NEAR_END_VMEAS     ; Half Vccio                             ; --            ; --          ; --         ;
; OUTPUT_IO_TIMING_NEAR_END_VMEAS     ; Half Vccio                             ; --            ; --          ; --         ;
; PARTITION_COLOR                     ; -- (Not supported for targeted family) ; --            ; --          ; Top        ;
; PARTITION_FITTER_PRESERVATION_LEVEL ; -- (Not supported for targeted family) ; --            ; --          ; Top        ;
; PARTITION_NETLIST_TYPE              ; -- (Not supported for targeted family) ; --            ; --          ; Top        ;
; PROJECT_OUTPUT_DIRECTORY            ; output_files                           ; --            ; --          ; --         ;
+-------------------------------------+----------------------------------------+---------------+-------------+------------+


+--------------------------------------------------------------------------------------------------------------------------+
; Flow Elapsed Time                                                                                                        ;
+----------------------+--------------+-------------------------+---------------------+------------------------------------+
; Module Name          ; Elapsed Time ; Average Processors Used ; Peak Virtual Memory ; Total CPU Time (on all processors) ;
+----------------------+--------------+-------------------------+---------------------+------------------------------------+
; Analysis & Synthesis ; 00:00:30     ; 1.0                     ; 4887 MB             ; 00:00:42                           ;
; Fitter               ; 00:00:40     ; 1.1                     ; 5578 MB             ; 00:01:01                           ;
; Assembler            ; 00:00:01     ; 1.0                     ; 4715 MB             ; 00:00:01                           ;
; Timing Analyzer      ; 00:00:07     ; 1.2                     ; 4854 MB             ; 00:00:07                           ;
; Total                ; 00:01:18     ; --                      ; --                  ; 00:01:51                           ;
+----------------------+--------------+-------------------------+---------------------+------------------------------------+


+------------------------------------------------------------------------------------+
; Flow OS Summary                                                                    ;
+----------------------+------------------+------------+------------+----------------+
; Module Name          ; Machine Hostname ; OS Name    ; OS Version ; Processor type ;
+----------------------+------------------+------------+------------+----------------+
; Analysis & Synthesis ; Tarkus           ; Windows 10 ; 10.0       ; x86_64         ;
; Fitter               ; Tarkus           ; Windows 10 ; 10.0       ; x86_64         ;
; Assembler            ; Tarkus           ; Windows 10 ; 10.0       ; x86_64         ;
; Timing Analyzer      ; Tarkus           ; Windows 10 ; 10.0       ; x86_64         ;
+----------------------+------------------+------------+------------+----------------+


------------
; Flow Log ;
------------
quartus_map --read_settings_files=on --write_settings_files=off Z80_FPGA -c Z80_FPGA
quartus_fit --read_settings_files=off --write_settings_files=off Z80_FPGA -c Z80_FPGA
quartus_asm --read_settings_files=off --write_settings_files=off Z80_FPGA -c Z80_FPGA
quartus_sta Z80_FPGA -c Z80_FPGA



